Build started 13/05/2013 23:26:17.
     1>Project "C:\Data\NCC\!Code\Git.Public\whitebox\Whitebox.Controller\Whitebox.Controller.vcxproj" on node 3 (build target(s)).
     1>InitializeBuildStatus:
         Creating "Debug\Whitebox.Controller.unsuccessfulbuild" because "AlwaysCreate" was specified.
       ClCompile:
         c:\Program Files (x86)\Microsoft Visual Studio 10.0\VC\bin\CL.exe /c /ZI /nologo /W3 /WX- /Od /Oy- /D WIN32 /D _DEBUG /D _CONSOLE /D _UNICODE /D UNICODE /Gm /EHsc /RTC1 /MDd /GS /fp:precise /Zc:wchar_t /Zc:forScope /Yc"StdAfx.h" /Fp"Debug\Whitebox.Controller.pch" /Fo"Debug\\" /Fd"Debug\vc100.pdb" /Gd /TP /analyze- /errorReport:prompt stdafx.cpp
         stdafx.cpp
         c:\Program Files (x86)\Microsoft Visual Studio 10.0\VC\bin\CL.exe /c /ZI /nologo /W3 /WX- /Od /Oy- /D WIN32 /D _DEBUG /D _CONSOLE /D _UNICODE /D UNICODE /Gm /EHsc /RTC1 /MDd /GS /fp:precise /Zc:wchar_t /Zc:forScope /Yu"StdAfx.h" /Fp"Debug\Whitebox.Controller.pch" /Fo"Debug\\" /Fd"Debug\vc100.pdb" /Gd /TP /analyze- /errorReport:prompt Whitebox.Controller.cpp XGetopt.cpp
         XGetopt.cpp
         Whitebox.Controller.cpp
         Generating Code...
       ManifestResourceCompile:
         All outputs are up-to-date.
       Link:
         c:\Program Files (x86)\Microsoft Visual Studio 10.0\VC\bin\link.exe /ERRORREPORT:PROMPT /OUT:"C:\Data\NCC\!Code\Git.Public\whitebox\Debug\Whitebox.Controller.exe" /INCREMENTAL /NOLOGO ws2_32.lib kernel32.lib user32.lib gdi32.lib winspool.lib comdlg32.lib advapi32.lib shell32.lib ole32.lib oleaut32.lib uuid.lib odbc32.lib odbccp32.lib /MANIFEST /ManifestFile:"Debug\Whitebox.Controller.exe.intermediate.manifest" /MANIFESTUAC:"level='asInvoker' uiAccess='false'" /DEBUG /PDB:"C:\Data\NCC\!Code\Git.Public\whitebox\Debug\Whitebox.Controller.pdb" /SUBSYSTEM:CONSOLE /TLBID:1 /DYNAMICBASE /NXCOMPAT /IMPLIB:"C:\Data\NCC\!Code\Git.Public\whitebox\Debug\Whitebox.Controller.lib" /MACHINE:X86 Debug\Whitebox.Controller.exe.embed.manifest.res
         Debug\stdafx.obj
         Debug\Whitebox.Controller.obj
         Debug\XGetopt.obj
       Manifest:
         C:\Program Files (x86)\Microsoft SDKs\Windows\v7.0A\bin\mt.exe /nologo /verbose /out:"Debug\Whitebox.Controller.exe.embed.manifest" /manifest Debug\Whitebox.Controller.exe.intermediate.manifest
         All outputs are up-to-date.
       LinkEmbedManifest:
         All outputs are up-to-date.
         Whitebox.Controller.vcxproj -> C:\Data\NCC\!Code\Git.Public\whitebox\Debug\Whitebox.Controller.exe
       FinalizeBuildStatus:
         Deleting file "Debug\Whitebox.Controller.unsuccessfulbuild".
         Touching "Debug\Whitebox.Controller.lastbuildstate".
     1>Done Building Project "C:\Data\NCC\!Code\Git.Public\whitebox\Whitebox.Controller\Whitebox.Controller.vcxproj" (build target(s)).

Build succeeded.

Time Elapsed 00:00:00.97
